<?xml version="1.0" encoding="UTF-8"?>
<!-- Generated by org.testng.reporters.JUnitReportReporter -->
<testsuite skipped="0" hostname="MECHANICAL" name="automationTestScripts.Organizations.CreatOrganisationTest" tests="1" failures="0" timestamp="13 Oct 2020 04:02:43 GMT" time="11.334" errors="0">
  <testcase name="CreateOrganisation" time="11.334" classname="automationTestScripts.Organizations.CreatOrganisationTest"/>
</testsuite> <!-- automationTestScripts.Organizations.CreatOrganisationTest -->
